# JRE version: OpenJDK Runtime Environment Temurin-21.0.9+10 (21.0.9+10) (build 21.0.9+10-LTS)
# Java VM: OpenJDK 64-Bit Server VM Temurin-21.0.9+10 (21.0.9+10-LTS, mixed mode, sharing, tiered, compressed oops, compressed class ptrs, parallel gc, windows-amd64)
GC Precious Log:
 CardTable entry size: 512
 CPUs: 12 total, 12 available
 Memory: 16016M
 Large Page Support: Disabled
 NUMA Support: Disabled
 Compressed Oops: Enabled (32-bit)
 Alignments: Space 512K, Generation 512K, Heap 2M
 Heap Min Capacity: 100M
 Heap Initial Capacity: 100M
 Heap Max Capacity: 2G
 Pre-touch: Disabled
 Parallel Workers: 10
Heap:
 PSYoungGen      total 2560K, used 418K [0x00000000d5580000, 0x00000000d5b80000, 0x0000000100000000)
  eden space 2048K, 4% used [0x00000000d5580000,0x00000000d5598b00,0x00000000d5780000)
  from space 512K, 62% used [0x00000000d5b00000,0x00000000d5b50020,0x00000000d5b80000)
  to   space 1024K, 0% used [0x00000000d5980000,0x00000000d5980000,0x00000000d5a80000)
 ParOldGen       total 293888K, used 293543K [0x0000000080000000, 0x0000000091f00000, 0x00000000d5580000)
  object space 293888K, 99% used [0x0000000080000000,0x0000000091ea9fe0,0x0000000091f00000)
 Metaspace       used 73470K, committed 75072K, reserved 1179648K
  class space    used 8398K, committed 9152K, reserved 1048576K
GC Heap History (20 events):
Event: 5614.239 GC heap before
{Heap before GC invocations=164 (full 3):
 PSYoungGen      total 5632K, used 5280K [0x00000000d5580000, 0x00000000d5e00000, 0x0000000100000000)
  eden space 2560K, 100% used [0x00000000d5580000,0x00000000d5800000,0x00000000d5800000)
  from space 3072K, 88% used [0x00000000d5b00000,0x00000000d5da8000,0x00000000d5e00000)
  to   space 3072K, 0% used [0x00000000d5800000,0x00000000d5800000,0x00000000d5b00000)
 ParOldGen       total 269824K, used 269455K [0x0000000080000000, 0x0000000090780000, 0x00000000d5580000)
  object space 269824K, 99% used [0x0000000080000000,0x0000000090723fe0,0x0000000090780000)
 Metaspace       used 73441K, committed 75072K, reserved 1179648K
  class space    used 8398K, committed 9152K, reserved 1048576K
}
Event: 5614.243 GC heap after
{Heap after GC invocations=164 (full 3):
 PSYoungGen      total 5632K, used 2656K [0x00000000d5580000, 0x00000000d5e00000, 0x0000000100000000)
  eden space 2560K, 0% used [0x00000000d5580000,0x00000000d5580000,0x00000000d5800000)
  from space 3072K, 86% used [0x00000000d5800000,0x00000000d5a98000,0x00000000d5b00000)
  to   space 3072K, 0% used [0x00000000d5b00000,0x00000000d5b00000,0x00000000d5e00000)
 ParOldGen       total 272384K, used 272055K [0x0000000080000000, 0x0000000090a00000, 0x00000000d5580000)
  object space 272384K, 99% used [0x0000000080000000,0x00000000909adfe0,0x0000000090a00000)
 Metaspace       used 73441K, committed 75072K, reserved 1179648K
  class space    used 8398K, committed 9152K, reserved 1048576K
}
Event: 5614.256 GC heap before
{Heap before GC invocations=165 (full 3):
 PSYoungGen      total 5632K, used 5216K [0x00000000d5580000, 0x00000000d5e00000, 0x0000000100000000)
  eden space 2560K, 100% used [0x00000000d5580000,0x00000000d5800000,0x00000000d5800000)
  from space 3072K, 86% used [0x00000000d5800000,0x00000000d5a98000,0x00000000d5b00000)
  to   space 3072K, 0% used [0x00000000d5b00000,0x00000000d5b00000,0x00000000d5e00000)
 ParOldGen       total 272384K, used 272055K [0x0000000080000000, 0x0000000090a00000, 0x00000000d5580000)
  object space 272384K, 99% used [0x0000000080000000,0x00000000909adfe0,0x0000000090a00000)
 Metaspace       used 73441K, committed 75072K, reserved 1179648K
  class space    used 8398K, committed 9152K, reserved 1048576K
}
Event: 5614.260 GC heap after
{Heap after GC invocations=165 (full 3):
 PSYoungGen      total 5632K, used 2688K [0x00000000d5580000, 0x00000000d5e00000, 0x0000000100000000)
  eden space 2560K, 0% used [0x00000000d5580000,0x00000000d5580000,0x00000000d5800000)
  from space 3072K, 87% used [0x00000000d5b00000,0x00000000d5da0000,0x00000000d5e00000)
  to   space 3072K, 0% used [0x00000000d5800000,0x00000000d5800000,0x00000000d5b00000)
 ParOldGen       total 274944K, used 274639K [0x0000000080000000, 0x0000000090c80000, 0x00000000d5580000)
  object space 274944K, 99% used [0x0000000080000000,0x0000000090c33fe0,0x0000000090c80000)
 Metaspace       used 73441K, committed 75072K, reserved 1179648K
  class space    used 8398K, committed 9152K, reserved 1048576K
}
Event: 5614.270 GC heap before
{Heap before GC invocations=166 (full 3):
 PSYoungGen      total 5632K, used 5248K [0x00000000d5580000, 0x00000000d5e00000, 0x0000000100000000)
  eden space 2560K, 100% used [0x00000000d5580000,0x00000000d5800000,0x00000000d5800000)
  from space 3072K, 87% used [0x00000000d5b00000,0x00000000d5da0000,0x00000000d5e00000)
  to   space 3072K, 0% used [0x00000000d5800000,0x00000000d5800000,0x00000000d5b00000)
 ParOldGen       total 274944K, used 274639K [0x0000000080000000, 0x0000000090c80000, 0x00000000d5580000)
  object space 274944K, 99% used [0x0000000080000000,0x0000000090c33fe0,0x0000000090c80000)
 Metaspace       used 73441K, committed 75072K, reserved 1179648K
  class space    used 8398K, committed 9152K, reserved 1048576K
}
Event: 5614.274 GC heap after
{Heap after GC invocations=166 (full 3):
 PSYoungGen      total 5632K, used 2688K [0x00000000d5580000, 0x00000000d5e80000, 0x0000000100000000)
  eden space 2560K, 0% used [0x00000000d5580000,0x00000000d5580000,0x00000000d5800000)
  from space 3072K, 87% used [0x00000000d5800000,0x00000000d5aa0000,0x00000000d5b00000)
  to   space 3072K, 0% used [0x00000000d5b80000,0x00000000d5b80000,0x00000000d5e80000)
 ParOldGen       total 277504K, used 277223K [0x0000000080000000, 0x0000000090f00000, 0x00000000d5580000)
  object space 277504K, 99% used [0x0000000080000000,0x0000000090eb9fe0,0x0000000090f00000)
 Metaspace       used 73441K, committed 75072K, reserved 1179648K
  class space    used 8398K, committed 9152K, reserved 1048576K
}
Event: 5614.288 GC heap before
{Heap before GC invocations=167 (full 3):
 PSYoungGen      total 5632K, used 5248K [0x00000000d5580000, 0x00000000d5e80000, 0x0000000100000000)
  eden space 2560K, 100% used [0x00000000d5580000,0x00000000d5800000,0x00000000d5800000)
  from space 3072K, 87% used [0x00000000d5800000,0x00000000d5aa0000,0x00000000d5b00000)
  to   space 3072K, 0% used [0x00000000d5b80000,0x00000000d5b80000,0x00000000d5e80000)
 ParOldGen       total 277504K, used 277223K [0x0000000080000000, 0x0000000090f00000, 0x00000000d5580000)
  object space 277504K, 99% used [0x0000000080000000,0x0000000090eb9fe0,0x0000000090f00000)
 Metaspace       used 73441K, committed 75072K, reserved 1179648K
  class space    used 8398K, committed 9152K, reserved 1048576K
}
Event: 5614.292 GC heap after
{Heap after GC invocations=167 (full 3):
 PSYoungGen      total 6144K, used 2720K [0x00000000d5580000, 0x00000000d5e80000, 0x0000000100000000)
  eden space 3072K, 0% used [0x00000000d5580000,0x00000000d5580000,0x00000000d5880000)
  from space 3072K, 88% used [0x00000000d5b80000,0x00000000d5e28000,0x00000000d5e80000)
  to   space 3072K, 0% used [0x00000000d5880000,0x00000000d5880000,0x00000000d5b80000)
 ParOldGen       total 280064K, used 279815K [0x0000000080000000, 0x0000000091180000, 0x00000000d5580000)
  object space 280064K, 99% used [0x0000000080000000,0x0000000091141fe0,0x0000000091180000)
 Metaspace       used 73441K, committed 75072K, reserved 1179648K
  class space    used 8398K, committed 9152K, reserved 1048576K
}
Event: 5614.332 GC heap before
{Heap before GC invocations=168 (full 3):
 PSYoungGen      total 6144K, used 5792K [0x00000000d5580000, 0x00000000d5e80000, 0x0000000100000000)
  eden space 3072K, 100% used [0x00000000d5580000,0x00000000d5880000,0x00000000d5880000)
  from space 3072K, 88% used [0x00000000d5b80000,0x00000000d5e28000,0x00000000d5e80000)
  to   space 3072K, 0% used [0x00000000d5880000,0x00000000d5880000,0x00000000d5b80000)
 ParOldGen       total 280064K, used 279815K [0x0000000080000000, 0x0000000091180000, 0x00000000d5580000)
  object space 280064K, 99% used [0x0000000080000000,0x0000000091141fe0,0x0000000091180000)
 Metaspace       used 73441K, committed 75072K, reserved 1179648K
  class space    used 8398K, committed 9152K, reserved 1048576K
}
Event: 5614.337 GC heap after
{Heap after GC invocations=168 (full 3):
 PSYoungGen      total 6144K, used 3072K [0x00000000d5580000, 0x00000000d6580000, 0x0000000100000000)
  eden space 3072K, 0% used [0x00000000d5580000,0x00000000d5580000,0x00000000d5880000)
  from space 3072K, 100% used [0x00000000d5880000,0x00000000d5b80000,0x00000000d5b80000)
  to   space 6656K, 0% used [0x00000000d5f00000,0x00000000d5f00000,0x00000000d6580000)
 ParOldGen       total 282624K, used 282447K [0x0000000080000000, 0x0000000091400000, 0x00000000d5580000)
  object space 282624K, 99% used [0x0000000080000000,0x00000000913d3fe0,0x0000000091400000)
 Metaspace       used 73441K, committed 75072K, reserved 1179648K
  class space    used 8398K, committed 9152K, reserved 1048576K
}
Event: 5614.359 GC heap before
{Heap before GC invocations=169 (full 3):
 PSYoungGen      total 6144K, used 6144K [0x00000000d5580000, 0x00000000d6580000, 0x0000000100000000)
  eden space 3072K, 100% used [0x00000000d5580000,0x00000000d5880000,0x00000000d5880000)
  from space 3072K, 100% used [0x00000000d5880000,0x00000000d5b80000,0x00000000d5b80000)
  to   space 6656K, 0% used [0x00000000d5f00000,0x00000000d5f00000,0x00000000d6580000)
 ParOldGen       total 282624K, used 282447K [0x0000000080000000, 0x0000000091400000, 0x00000000d5580000)
  object space 282624K, 99% used [0x0000000080000000,0x00000000913d3fe0,0x0000000091400000)
 Metaspace       used 73441K, committed 75072K, reserved 1179648K
  class space    used 8398K, committed 9152K, reserved 1048576K
}
Event: 5614.364 GC heap after
{Heap after GC invocations=169 (full 3):
 PSYoungGen      total 6656K, used 3264K [0x00000000d5580000, 0x00000000d6280000, 0x0000000100000000)
  eden space 3072K, 0% used [0x00000000d5580000,0x00000000d5580000,0x00000000d5880000)
  from space 3584K, 91% used [0x00000000d5f00000,0x00000000d6230000,0x00000000d6280000)
  to   space 4608K, 0% used [0x00000000d5980000,0x00000000d5980000,0x00000000d5e00000)
 ParOldGen       total 285696K, used 285519K [0x0000000080000000, 0x0000000091700000, 0x00000000d5580000)
  object space 285696K, 99% used [0x0000000080000000,0x00000000916d3fe0,0x0000000091700000)
 Metaspace       used 73441K, committed 75072K, reserved 1179648K
  class space    used 8398K, committed 9152K, reserved 1048576K
}
Event: 5614.400 GC heap before
{Heap before GC invocations=170 (full 3):
 PSYoungGen      total 6656K, used 6336K [0x00000000d5580000, 0x00000000d6280000, 0x0000000100000000)
  eden space 3072K, 100% used [0x00000000d5580000,0x00000000d5880000,0x00000000d5880000)
  from space 3584K, 91% used [0x00000000d5f00000,0x00000000d6230000,0x00000000d6280000)
  to   space 4608K, 0% used [0x00000000d5980000,0x00000000d5980000,0x00000000d5e00000)
 ParOldGen       total 285696K, used 285519K [0x0000000080000000, 0x0000000091700000, 0x00000000d5580000)
  object space 285696K, 99% used [0x0000000080000000,0x00000000916d3fe0,0x0000000091700000)
 Metaspace       used 73441K, committed 75072K, reserved 1179648K
  class space    used 8398K, committed 9152K, reserved 1048576K
}
Event: 5614.407 GC heap after
{Heap after GC invocations=170 (full 3):
 PSYoungGen      total 5632K, used 2272K [0x00000000d5580000, 0x00000000d5f80000, 0x0000000100000000)
  eden space 3072K, 0% used [0x00000000d5580000,0x00000000d5580000,0x00000000d5880000)
  from space 2560K, 88% used [0x00000000d5980000,0x00000000d5bb8000,0x00000000d5c00000)
  to   space 3072K, 0% used [0x00000000d5c80000,0x00000000d5c80000,0x00000000d5f80000)
 ParOldGen       total 288768K, used 288631K [0x0000000080000000, 0x0000000091a00000, 0x00000000d5580000)
  object space 288768K, 99% used [0x0000000080000000,0x00000000919ddfe0,0x0000000091a00000)
 Metaspace       used 73441K, committed 75072K, reserved 1179648K
  class space    used 8398K, committed 9152K, reserved 1048576K
}
Event: 5614.720 GC heap before
{Heap before GC invocations=171 (full 3):
 PSYoungGen      total 5632K, used 5343K [0x00000000d5580000, 0x00000000d5f80000, 0x0000000100000000)
  eden space 3072K, 99% used [0x00000000d5580000,0x00000000d587fff8,0x00000000d5880000)
  from space 2560K, 88% used [0x00000000d5980000,0x00000000d5bb8000,0x00000000d5c00000)
  to   space 3072K, 0% used [0x00000000d5c80000,0x00000000d5c80000,0x00000000d5f80000)
 ParOldGen       total 288768K, used 288631K [0x0000000080000000, 0x0000000091a00000, 0x00000000d5580000)
  object space 288768K, 99% used [0x0000000080000000,0x00000000919ddfe0,0x0000000091a00000)
 Metaspace       used 73441K, committed 75072K, reserved 1179648K
  class space    used 8398K, committed 9152K, reserved 1048576K
}
Event: 5614.726 GC heap after
{Heap after GC invocations=171 (full 3):
 PSYoungGen      total 5120K, used 3072K [0x00000000d5580000, 0x00000000d6280000, 0x0000000100000000)
  eden space 2048K, 0% used [0x00000000d5580000,0x00000000d5580000,0x00000000d5780000)
  from space 3072K, 100% used [0x00000000d5c80000,0x00000000d5f80000,0x00000000d5f80000)
  to   space 5120K, 0% used [0x00000000d5780000,0x00000000d5780000,0x00000000d5c80000)
 ParOldGen       total 290304K, used 289991K [0x0000000080000000, 0x0000000091b80000, 0x00000000d5580000)
  object space 290304K, 99% used [0x0000000080000000,0x0000000091b31fe0,0x0000000091b80000)
 Metaspace       used 73441K, committed 75072K, reserved 1179648K
  class space    used 8398K, committed 9152K, reserved 1048576K
}
Event: 5615.763 GC heap before
{Heap before GC invocations=172 (full 3):
 PSYoungGen      total 5120K, used 5120K [0x00000000d5580000, 0x00000000d6280000, 0x0000000100000000)
  eden space 2048K, 100% used [0x00000000d5580000,0x00000000d5780000,0x00000000d5780000)
  from space 3072K, 100% used [0x00000000d5c80000,0x00000000d5f80000,0x00000000d5f80000)
  to   space 5120K, 0% used [0x00000000d5780000,0x00000000d5780000,0x00000000d5c80000)
 ParOldGen       total 290304K, used 289991K [0x0000000080000000, 0x0000000091b80000, 0x00000000d5580000)
  object space 290304K, 99% used [0x0000000080000000,0x0000000091b31fe0,0x0000000091b80000)
 Metaspace       used 73448K, committed 75072K, reserved 1179648K
  class space    used 8398K, committed 9152K, reserved 1048576K
}
Event: 5615.769 GC heap after
{Heap after GC invocations=172 (full 3):
 PSYoungGen      total 3072K, used 640K [0x00000000d5580000, 0x00000000d5d00000, 0x0000000100000000)
  eden space 2048K, 0% used [0x00000000d5580000,0x00000000d5580000,0x00000000d5780000)
  from space 1024K, 62% used [0x00000000d5780000,0x00000000d5820000,0x00000000d5880000)
  to   space 2048K, 0% used [0x00000000d5b00000,0x00000000d5b00000,0x00000000d5d00000)
 ParOldGen       total 293376K, used 293055K [0x0000000080000000, 0x0000000091e80000, 0x00000000d5580000)
  object space 293376K, 99% used [0x0000000080000000,0x0000000091e2ffe0,0x0000000091e80000)
 Metaspace       used 73448K, committed 75072K, reserved 1179648K
  class space    used 8398K, committed 9152K, reserved 1048576K
}
Event: 5615.966 GC heap before
{Heap before GC invocations=173 (full 3):
 PSYoungGen      total 3072K, used 2687K [0x00000000d5580000, 0x00000000d5d00000, 0x0000000100000000)
  eden space 2048K, 99% used [0x00000000d5580000,0x00000000d577ff20,0x00000000d5780000)
  from space 1024K, 62% used [0x00000000d5780000,0x00000000d5820000,0x00000000d5880000)
  to   space 2048K, 0% used [0x00000000d5b00000,0x00000000d5b00000,0x00000000d5d00000)
 ParOldGen       total 293376K, used 293055K [0x0000000080000000, 0x0000000091e80000, 0x00000000d5580000)
  object space 293376K, 99% used [0x0000000080000000,0x0000000091e2ffe0,0x0000000091e80000)
 Metaspace       used 73470K, committed 75072K, reserved 1179648K
  class space    used 8398K, committed 9152K, reserved 1048576K
}
Event: 5615.969 GC heap after
{Heap after GC invocations=173 (full 3):
 PSYoungGen      total 2560K, used 320K [0x00000000d5580000, 0x00000000d5b80000, 0x0000000100000000)
  eden space 2048K, 0% used [0x00000000d5580000,0x00000000d5580000,0x00000000d5780000)
  from space 512K, 62% used [0x00000000d5b00000,0x00000000d5b50020,0x00000000d5b80000)
  to   space 1024K, 0% used [0x00000000d5980000,0x00000000d5980000,0x00000000d5a80000)
 ParOldGen       total 293888K, used 293543K [0x0000000080000000, 0x0000000091f00000, 0x00000000d5580000)
  object space 293888K, 99% used [0x0000000080000000,0x0000000091ea9fe0,0x0000000091f00000)
 Metaspace       used 73470K, committed 75072K, reserved 1179648K
  class space    used 8398K, committed 9152K, reserved 1048576K
}

